Unity Editor version:    2020.3.19f1 (68f137dc9bbe)
Branch:                  2020.3/staging
Build type:              Release
Batch mode:              YES
macOS version:           Version 10.15.7 (Build 19H1419)
Darwin version:          19.6.0
Architecture:            x86_64
Running under Rosetta:   NO
Available memory:        65536 MB
Using pre-set license
Pro License: NO

COMMAND LINE ARGUMENTS:
/Applications/Unity/Hub/Editor/2020.3.19f1/Unity.app/Contents/MacOS/Unity
-adb2
-batchMode
-noUpm
-name
AssetImportWorker0
-projectPath
/Users/nyuad/Desktop/W12_XR_UI
-logFile
Logs/AssetImportWorker0.log
-srvPort
49595
Successfully changed project path to: /Users/nyuad/Desktop/W12_XR_UI
/Users/nyuad/Desktop/W12_XR_UI
Using Asset Import Pipeline V2.
Refreshing native plugins compatible for Editor in 58.81 ms, found 3 plugins.
Preloading 1 native plugins for Editor in 10.48 ms.
Initialize engine version: 2020.3.19f1 (68f137dc9bbe)
[Subsystems] Discovering subsystems at path /Applications/Unity/Hub/Editor/2020.3.19f1/Unity.app/Contents/Resources/UnitySubsystems
[Subsystems] Discovering subsystems at path /Users/nyuad/Desktop/W12_XR_UI/Assets
GfxDevice: creating device client; threaded=0
2021-11-22 15:28:54.041 Unity[37320:3528234] iMac preferred device: AMD Radeon Pro Vega 64 (high power)
2021-11-22 15:28:54.041 Unity[37320:3528234] Metal devices available: 1
2021-11-22 15:28:54.041 Unity[37320:3528234] 0: AMD Radeon Pro Vega 64 (high power)
2021-11-22 15:28:54.042 Unity[37320:3528234] Using device AMD Radeon Pro Vega 64 (high power)
Initializing Metal device caps: AMD Radeon Pro Vega 64
Initialize mono
Mono path[0] = '/Applications/Unity/Hub/Editor/2020.3.19f1/Unity.app/Contents/Managed'
Mono path[1] = '/Applications/Unity/Hub/Editor/2020.3.19f1/Unity.app/Contents/MonoBleedingEdge/lib/mono/unityjit'
Mono config path = '/Applications/Unity/Hub/Editor/2020.3.19f1/Unity.app/Contents/MonoBleedingEdge/etc'
Using monoOptions --debugger-agent=transport=dt_socket,embedding=1,server=y,suspend=n,address=127.0.0.1:56320
Begin MonoManager ReloadAssembly
Registering precompiled unity dll's ...
Register platform support module: /Applications/Unity/Hub/Editor/2020.3.19f1/Unity.app/Contents/PlaybackEngines/MacStandaloneSupport/UnityEditor.OSXStandalone.Extensions.dll
Registered in 0.000514 seconds.
Native extension for OSXStandalone target not found
Refreshing native plugins compatible for Editor in 54.66 ms, found 3 plugins.
Preloading 1 native plugins for Editor in 0.42 ms.
Mono: successfully reloaded assembly
- Completed reload, in  2.541 seconds
Domain Reload Profiling:
	ReloadAssembly (2541ms)
		BeginReloadAssembly (52ms)
			ExecutionOrderSort (0ms)
			DisableScriptedObjects (0ms)
			BackupInstance (0ms)
			ReleaseScriptingObjects (0ms)
			CreateAndSetChildDomain (1ms)
		EndReloadAssembly (449ms)
			LoadAssemblies (51ms)
			RebuildTransferFunctionScriptingTraits (0ms)
			SetupTypeCache (177ms)
			ReleaseScriptCaches (0ms)
			RebuildScriptCaches (37ms)
			SetupLoadedEditorAssemblies (185ms)
				LogAssemblyErrors (0ms)
				InitializePlatformSupportModulesInManaged (3ms)
				SetLoadedEditorAssemblies (0ms)
				RefreshPlugins (55ms)
				BeforeProcessingInitializeOnLoad (7ms)
				ProcessInitializeOnLoadAttributes (87ms)
				ProcessInitializeOnLoadMethodAttributes (31ms)
				AfterProcessingInitializeOnLoad (0ms)
				EditorAssembliesLoaded (0ms)
			ExecutionOrderSort2 (0ms)
			AwakeInstancesAfterBackupRestoration (0ms)
Platform modules already initialized, skipping
Registering precompiled user dll's ...
Registered in 0.002306 seconds.
Begin MonoManager ReloadAssembly
Native extension for OSXStandalone target not found
Refreshing native plugins compatible for Editor in 56.70 ms, found 3 plugins.
Preloading 1 native plugins for Editor in 0.41 ms.
Mono: successfully reloaded assembly
- Completed reload, in  1.306 seconds
Domain Reload Profiling:
	ReloadAssembly (1307ms)
		BeginReloadAssembly (172ms)
			ExecutionOrderSort (0ms)
			DisableScriptedObjects (4ms)
			BackupInstance (0ms)
			ReleaseScriptingObjects (0ms)
			CreateAndSetChildDomain (35ms)
		EndReloadAssembly (1071ms)
			LoadAssemblies (93ms)
			RebuildTransferFunctionScriptingTraits (0ms)
			SetupTypeCache (392ms)
			ReleaseScriptCaches (1ms)
			RebuildScriptCaches (65ms)
			SetupLoadedEditorAssemblies (400ms)
				LogAssemblyErrors (0ms)
				InitializePlatformSupportModulesInManaged (4ms)
				SetLoadedEditorAssemblies (0ms)
				RefreshPlugins (57ms)
				BeforeProcessingInitializeOnLoad (77ms)
				ProcessInitializeOnLoadAttributes (256ms)
				ProcessInitializeOnLoadMethodAttributes (4ms)
				AfterProcessingInitializeOnLoad (1ms)
				EditorAssembliesLoaded (0ms)
			ExecutionOrderSort2 (0ms)
			AwakeInstancesAfterBackupRestoration (6ms)
Platform modules already initialized, skipping
Validating Project structure ... 0.001750 seconds.
Shader import version has changed; will reimport all shaders...
Upgrading shader files ...0.011042 seconds.
Application.AssetDatabase Initial Script Refresh Start
RefreshInfo: InitialScriptRefreshV2(NoUpdateAssetOptions) scanfilter:  ... 1 filters
RefreshProfiler: Total: 0.000ms
Application.AssetDatabase Initial Script Refresh End
Application.AssetDatabase.Refresh Start
Application.AssetDatabase.Refresh End
RefreshInfo: StopAssetImportingV2(ForceSynchronousImport) scanfilter: 
RefreshProfiler: Total: 0.000ms
Launching external process: /Applications/Unity/Hub/Editor/2020.3.19f1/Unity.app/Contents/Tools/UnityShaderCompiler
Launched and connected shader compiler UnityShaderCompiler after 0.01 seconds
Initializing Unity extensions:
========================================================================
Worker process is ready to serve import requests
Refreshing native plugins compatible for Editor in 0.79 ms, found 3 plugins.
Preloading 1 native plugins for Editor in 0.43 ms.
Unloading 3660 Unused Serialized files (Serialized files now loaded: 0)
System memory in use before: 287.0 MB.
System memory in use after: 286.8 MB.

Unloading 173 unused Assets to reduce memory usage. Loaded Objects now: 4137.
Total: 4.870306 ms (FindLiveObjects: 0.519688 ms CreateObjectMapping: 0.212141 ms MarkObjects: 3.829034 ms  DeleteObjects: 0.308750 ms)

AssetImportParameters requested are different than current active one (requested -> active):
  custom:video-decoder-ogg-theora: a1e56fd34408186e4bbccfd4996cb3dc -> 
  custom:container-muxer-webm: aa71ff27fc2769a1b78a27578f13a17b -> 
  custom:container-demuxer-webm: 4f35f7cbe854078d1ac9338744f61a02 -> 
  custom:container-demuxer-ogg: 62fdf1f143b41e24485cea50d1cbac27 -> 
  custom:video-encoder-webm-vp8: eb34c28f22e8b96e1ab97ce403110664 -> 
  custom:framework-osx-AVFoundation: b23960f63f64bdc6ff669e2cdcee2391 -> 
  custom:video-decoder-webm-vp8: 9c59270c3fd7afecdb556c50c9e8de78 -> 
  custom:audio-decoder-ogg-vorbis: bf7c407c2cedff20999df2af8eb42d56 -> 
  custom:audio-encoder-webm-vorbis: bf7c407c2cedff20999df2af8eb42d56 -> 
========================================================================
Received Import Request.
  path: Assets/Sounds/333176__opensystem__beam-sound.wav
  artifactKey: Guid(5207425baf037ca408a184def5bce496) Importer(815301076,1909f56bfc062723c751e8b465ee728b)
Start importing Assets/Sounds/333176__opensystem__beam-sound.wav using Guid(5207425baf037ca408a184def5bce496) Importer(815301076,1909f56bfc062723c751e8b465ee728b)  -> (artifact id: 'fd2f3084679245aa20c449d2cfa9c26b') in 0.353125 seconds 
  Import took 0.359742 seconds .

========================================================================
Received Import Request.
  Time since last request: 0.003076 seconds.
  path: Assets/Sounds/406084__deleted-user-4128231__bubblebeam.wav
  artifactKey: Guid(5679ad5548f18c24bb1a6448de78f9a6) Importer(815301076,1909f56bfc062723c751e8b465ee728b)
Start importing Assets/Sounds/406084__deleted-user-4128231__bubblebeam.wav using Guid(5679ad5548f18c24bb1a6448de78f9a6) Importer(815301076,1909f56bfc062723c751e8b465ee728b)  -> (artifact id: '7572ea393c6dd58b240ca41988e3d967') in 0.009556 seconds 
  Import took 0.015942 seconds .

========================================================================
Received Import Request.
  Time since last request: 0.000260 seconds.
  path: Assets/XR/XRGeneralSettings.asset
  artifactKey: Guid(2b50685e311defc45b7679d521a681d0) Importer(815301076,1909f56bfc062723c751e8b465ee728b)
Start importing Assets/XR/XRGeneralSettings.asset using Guid(2b50685e311defc45b7679d521a681d0) Importer(815301076,1909f56bfc062723c751e8b465ee728b)  -> (artifact id: 'b1e1dad6600751b363b0c3d54e26c118') in 0.219667 seconds 
  Import took 0.226175 seconds .

